<?xml version="1.0" encoding="UTF-8"?>
<!-- Generated by org.testng.reporters.JUnitXMLReporter -->
<testsuite hostname="LAMU02YV57VLVCG.uhc.com." ignored="0" name="ToDo Test" tests="4" failures="0" timestamp="2021-11-17T23:40:29 EST" time="43.055" errors="0">
  <testcase name="runScenario" time="3.603" classname="io.cucumber.testng.AbstractTestNGCucumberTests"/>
  <testcase name="runScenario" time="2.917" classname="io.cucumber.testng.AbstractTestNGCucumberTests"/>
  <testcase name="runScenario" time="32.942" classname="io.cucumber.testng.AbstractTestNGCucumberTests"/>
  <testcase name="runScenario" time="1.541" classname="io.cucumber.testng.AbstractTestNGCucumberTests"/>
</testsuite> <!-- ToDo Test -->
